Build 'Teamcity Python / Build' #4, default branch 'main'
Triggered 2025-09-19 09:05:09 by 'Git'
Started 2025-09-19 09:05:39 on agent 'Ubuntu-24.04-Small-i-0bbf4f75bf3721a70'
Finished 2025-09-19 09:06:11 with status FAILURE 'Python error: TypeError; inspections total: 3 (+3), errors: 0'
VCS revisions: 'TeamcityPython_HttpsGithubComDamasoDdTeamcityPythonRefsHeadsMain' (Git, instance id 1): '3af66a3c7786a0e788219f43ac7f8a4194ad03e3' (branch: 'refs/heads/main')
TeamCity URL https://damasosanoja.teamcity.com/buildConfiguration/TeamcityPython_Build/4 
TeamCity server version is  (build 197325), server timezone: UTC
Log entries are grouped by flowIds, so they might not be fully ordered by timestamps

[09:05:09]E: bt1 (1m:02s)
[09:05:09]i: TeamCity server version is 2025.07.1 (build 197325)
[09:05:09] : Collecting changes in 1 VCS root
[09:05:09]i:	 [Collecting changes in 1 VCS root] The changes collecting operation is running on the node ill-einstein-oydf1d-0-0 (version: 2025.07.1 (build 197325))
[09:05:09] :	 [Collecting changes in 1 VCS root] VCS Root details
[09:05:09] :		 [VCS Root details] "https://github.com/Damaso-DD/teamcity-python#refs/heads/main" {instance id=1, parent internal id=1, parent id=TeamcityPython_HttpsGithubComDamasoDdTeamcityPythonRefsHeadsMain, description: "https://github.com/Damaso-DD/teamcity-python#refs/heads/main"}
[09:05:09]i:	 [Collecting changes in 1 VCS root] Loading current repository state for VCS root 'https://github.com/Damaso-DD/teamcity-python#refs/heads/main'
[09:05:09]i:		 [Loading current repository state for VCS root 'https://github.com/Damaso-DD/teamcity-python#refs/heads/main'] VCS root 'https://github.com/Damaso-DD/teamcity-python#refs/heads/main': git -c core.askpass=/opt/teamcity/temp/pass12269083041414856682 -c credential.helper= -c credential.helper=/opt/teamcity/temp/credHelper4592443901611478789.sh ls-remote origin
[09:05:10]i:	 [Collecting changes in 1 VCS root] Detecting changes in VCS root 'https://github.com/Damaso-DD/teamcity-python#refs/heads/main' (used in 'Build')
[09:05:10]i:	 [Collecting changes in 1 VCS root] Will collect changes for 'https://github.com/Damaso-DD/teamcity-python#refs/heads/main' starting from revision 3af66a3c7786a0e788219f43ac7f8a4194ad03e3
[09:05:09] : Finalize build settings
[09:05:10] : Compute revision for 'https://github.com/Damaso-DD/teamcity-python#refs/heads/main'
[09:05:10] :	 [Compute revision for 'https://github.com/Damaso-DD/teamcity-python#refs/heads/main'] Upper limit revision: 3af66a3c7786a0e788219f43ac7f8a4194ad03e3
[09:05:10]i:	 [Compute revision for 'https://github.com/Damaso-DD/teamcity-python#refs/heads/main'] MaxModId = 2
[09:05:10] :	 [Compute revision for 'https://github.com/Damaso-DD/teamcity-python#refs/heads/main'] Computed revision: 3af66a3c7786a0e788219f43ac7f8a4194ad03e3
[09:05:14] : The build is removed from the queue to be prepared for the start
[09:05:14] : Starting the build on the agent "Ubuntu-24.04-Small-i-0bbf4f75bf3721a70"
[09:05:39]i: Agent time zone: Etc/UTC
[09:05:39]i: Agent is running under JRE: 21.0.8+9-LTS
[09:05:39] : Updating tools for build
[09:05:39] :	 [Updating tools for build] Tools are not required for the build
[09:05:39] : Clearing temporary directory: /mnt/agent/temp/buildTmp
[09:05:40]i: Artifacts cache is not available, cache publishing will be skipped
[09:05:40]i: Preparing performance monitoring data directory: /home/teamcity/agent/system/perfmon
[09:05:40]i: Performance monitor is using command line: [perl, /home/teamcity/agent/system/perfmon/scripts/vmstatlinux.pl, /home/teamcity/agent/system/perfmon/temp/4/perfmon.csv, 1000]
[09:05:40]i: Starting performance monitoring process
[09:05:40]i: Performance monitoring process started
[09:05:40] : Publishing internal artifacts
[09:05:40] :	 [Publishing internal artifacts] Publishing 1 file using [WebPublisher]
[09:05:40] :	 [Publishing internal artifacts] Publishing 1 file using [ArtifactsCachePublisherImpl]
[09:05:41]i:	 [Publishing internal artifacts] Will publish 1 artifact(s) to TeamCity node with id ill-einstein-oydf1d-0-0
[09:05:42] : Full checkout enforced. Reason: [Checkout directory is empty or doesn't exist]
[09:05:42] : Will perform clean checkout. Reason: Checkout directory is empty or doesn't exist
[09:05:42] : Checkout directory: /mnt/agent/work/e82fbf5d5a572ae7
[09:05:42] : Updating sources: auto checkout (on agent) (4s)
[09:05:42] :	 [Updating sources] Will use agent side checkout
[09:05:42] :	 [Updating sources] VCS Root: https://github.com/Damaso-DD/teamcity-python#refs/heads/main (4s)
[09:05:42] :		 [VCS Root: https://github.com/Damaso-DD/teamcity-python#refs/heads/main] revision: 3af66a3c7786a0e788219f43ac7f8a4194ad03e3
[09:05:42] :		 [VCS Root: https://github.com/Damaso-DD/teamcity-python#refs/heads/main] Shallow clone automatically enabled on a short-lived agent
[09:05:42] :		 [VCS Root: https://github.com/Damaso-DD/teamcity-python#refs/heads/main] Git version: 2.47.1.0
[09:05:42] :		 [VCS Root: https://github.com/Damaso-DD/teamcity-python#refs/heads/main] Update checkout directory (/mnt/agent/work/e82fbf5d5a572ae7) (4s)
[09:05:42] :			 [Update checkout directory (/mnt/agent/work/e82fbf5d5a572ae7)] The .git directory is missing in '/mnt/agent/work/e82fbf5d5a572ae7'. Running 'git init'...
[09:05:42] :			 [Update checkout directory (/mnt/agent/work/e82fbf5d5a572ae7)] /usr/local/bin/git init --initial-branch=main
[09:05:45] :			 [Update checkout directory (/mnt/agent/work/e82fbf5d5a572ae7)] /usr/local/bin/git config core.sparseCheckout true
[09:05:45] :			 [Update checkout directory (/mnt/agent/work/e82fbf5d5a572ae7)] /usr/local/bin/git config http.sslCAInfo
[09:05:45] :			 [Update checkout directory (/mnt/agent/work/e82fbf5d5a572ae7)] /usr/local/bin/git show-ref
[09:05:45] :			 [Update checkout directory (/mnt/agent/work/e82fbf5d5a572ae7)] /usr/local/bin/git log -n1 --pretty=format:%H%x20%s 3af66a3c7786a0e788219f43ac7f8a4194ad03e3 --
[09:05:45]i:			 [Update checkout directory (/mnt/agent/work/e82fbf5d5a572ae7)] fatal: bad object 3af66a3c7786a0e788219f43ac7f8a4194ad03e3
[09:05:45] :			 [Update checkout directory (/mnt/agent/work/e82fbf5d5a572ae7)] /usr/local/bin/git -c core.askpass=/mnt/agent/temp/buildTmp/pass12965024401504970281 -c credential.helper= -c credential.helper=/mnt/agent/temp/buildTmp/credHelper15229198143550471010.sh ls-remote origin
[09:05:46] :			 [Update checkout directory (/mnt/agent/work/e82fbf5d5a572ae7)] /usr/local/bin/git -c core.askpass=/mnt/agent/temp/buildTmp/pass17461343959732723867 -c credential.helper= -c credential.helper=/mnt/agent/temp/buildTmp/credHelper9635009123321159517.sh fetch --progress --depth=1 --recurse-submodules=no origin +3af66a3c7786a0e788219f43ac7f8a4194ad03e3:refs/remotes/origin/main
[09:05:46]i:				 [/usr/local/bin/git -c core.askpass=/mnt/agent/temp/buildTmp/pass17461343959732723867 -c credential.helper= -c credential.helper=/mnt/agent/temp/buildTmp/credHelper9635009123321159517.sh fetch --progress --depth=1 --recurse-submodules=no origin +3af66a3c7786a0e788219f43ac7f8a4194ad03e3:refs/remotes/origin/main] remote: Enumerating objects: 12, done.        
[09:05:46]i:				 [/usr/local/bin/git -c core.askpass=/mnt/agent/temp/buildTmp/pass17461343959732723867 -c credential.helper= -c credential.helper=/mnt/agent/temp/buildTmp/credHelper9635009123321159517.sh fetch --progress --depth=1 --recurse-submodules=no origin +3af66a3c7786a0e788219f43ac7f8a4194ad03e3:refs/remotes/origin/main] remote: Counting objects:   8% (1/12)        
[09:05:46]i:				 [/usr/local/bin/git -c core.askpass=/mnt/agent/temp/buildTmp/pass17461343959732723867 -c credential.helper= -c credential.helper=/mnt/agent/temp/buildTmp/credHelper9635009123321159517.sh fetch --progress --depth=1 --recurse-submodules=no origin +3af66a3c7786a0e788219f43ac7f8a4194ad03e3:refs/remotes/origin/main] remote: Counting objects:  16% (2/12)        
[09:05:46]i:				 [/usr/local/bin/git -c core.askpass=/mnt/agent/temp/buildTmp/pass17461343959732723867 -c credential.helper= -c credential.helper=/mnt/agent/temp/buildTmp/credHelper9635009123321159517.sh fetch --progress --depth=1 --recurse-submodules=no origin +3af66a3c7786a0e788219f43ac7f8a4194ad03e3:refs/remotes/origin/main] remote: Counting objects:  25% (3/12)        
[09:05:46]i:				 [/usr/local/bin/git -c core.askpass=/mnt/agent/temp/buildTmp/pass17461343959732723867 -c credential.helper= -c credential.helper=/mnt/agent/temp/buildTmp/credHelper9635009123321159517.sh fetch --progress --depth=1 --recurse-submodules=no origin +3af66a3c7786a0e788219f43ac7f8a4194ad03e3:refs/remotes/origin/main] remote: Counting objects:  33% (4/12)        
[09:05:46]i:				 [/usr/local/bin/git -c core.askpass=/mnt/agent/temp/buildTmp/pass17461343959732723867 -c credential.helper= -c credential.helper=/mnt/agent/temp/buildTmp/credHelper9635009123321159517.sh fetch --progress --depth=1 --recurse-submodules=no origin +3af66a3c7786a0e788219f43ac7f8a4194ad03e3:refs/remotes/origin/main] remote: Counting objects:  41% (5/12)        
[09:05:46]i:				 [/usr/local/bin/git -c core.askpass=/mnt/agent/temp/buildTmp/pass17461343959732723867 -c credential.helper= -c credential.helper=/mnt/agent/temp/buildTmp/credHelper9635009123321159517.sh fetch --progress --depth=1 --recurse-submodules=no origin +3af66a3c7786a0e788219f43ac7f8a4194ad03e3:refs/remotes/origin/main] remote: Counting objects:  50% (6/12)        
[09:05:46]i:				 [/usr/local/bin/git -c core.askpass=/mnt/agent/temp/buildTmp/pass17461343959732723867 -c credential.helper= -c credential.helper=/mnt/agent/temp/buildTmp/credHelper9635009123321159517.sh fetch --progress --depth=1 --recurse-submodules=no origin +3af66a3c7786a0e788219f43ac7f8a4194ad03e3:refs/remotes/origin/main] remote: Counting objects:  58% (7/12)        
[09:05:46]i:				 [/usr/local/bin/git -c core.askpass=/mnt/agent/temp/buildTmp/pass17461343959732723867 -c credential.helper= -c credential.helper=/mnt/agent/temp/buildTmp/credHelper9635009123321159517.sh fetch --progress --depth=1 --recurse-submodules=no origin +3af66a3c7786a0e788219f43ac7f8a4194ad03e3:refs/remotes/origin/main] remote: Counting objects:  66% (8/12)        
[09:05:46]i:				 [/usr/local/bin/git -c core.askpass=/mnt/agent/temp/buildTmp/pass17461343959732723867 -c credential.helper= -c credential.helper=/mnt/agent/temp/buildTmp/credHelper9635009123321159517.sh fetch --progress --depth=1 --recurse-submodules=no origin +3af66a3c7786a0e788219f43ac7f8a4194ad03e3:refs/remotes/origin/main] remote: Counting objects:  75% (9/12)        
[09:05:46]i:				 [/usr/local/bin/git -c core.askpass=/mnt/agent/temp/buildTmp/pass17461343959732723867 -c credential.helper= -c credential.helper=/mnt/agent/temp/buildTmp/credHelper9635009123321159517.sh fetch --progress --depth=1 --recurse-submodules=no origin +3af66a3c7786a0e788219f43ac7f8a4194ad03e3:refs/remotes/origin/main] remote: Counting objects:  83% (10/12)        
[09:05:46]i:				 [/usr/local/bin/git -c core.askpass=/mnt/agent/temp/buildTmp/pass17461343959732723867 -c credential.helper= -c credential.helper=/mnt/agent/temp/buildTmp/credHelper9635009123321159517.sh fetch --progress --depth=1 --recurse-submodules=no origin +3af66a3c7786a0e788219f43ac7f8a4194ad03e3:refs/remotes/origin/main] remote: Counting objects:  91% (11/12)        
[09:05:46]i:				 [/usr/local/bin/git -c core.askpass=/mnt/agent/temp/buildTmp/pass17461343959732723867 -c credential.helper= -c credential.helper=/mnt/agent/temp/buildTmp/credHelper9635009123321159517.sh fetch --progress --depth=1 --recurse-submodules=no origin +3af66a3c7786a0e788219f43ac7f8a4194ad03e3:refs/remotes/origin/main] remote: Counting objects: 100% (12/12)        
[09:05:46]i:				 [/usr/local/bin/git -c core.askpass=/mnt/agent/temp/buildTmp/pass17461343959732723867 -c credential.helper= -c credential.helper=/mnt/agent/temp/buildTmp/credHelper9635009123321159517.sh fetch --progress --depth=1 --recurse-submodules=no origin +3af66a3c7786a0e788219f43ac7f8a4194ad03e3:refs/remotes/origin/main] remote: Counting objects: 100% (12/12), done.        
[09:05:46]i:				 [/usr/local/bin/git -c core.askpass=/mnt/agent/temp/buildTmp/pass17461343959732723867 -c credential.helper= -c credential.helper=/mnt/agent/temp/buildTmp/credHelper9635009123321159517.sh fetch --progress --depth=1 --recurse-submodules=no origin +3af66a3c7786a0e788219f43ac7f8a4194ad03e3:refs/remotes/origin/main] remote: Compressing objects:  12% (1/8)        
[09:05:46]i:				 [/usr/local/bin/git -c core.askpass=/mnt/agent/temp/buildTmp/pass17461343959732723867 -c credential.helper= -c credential.helper=/mnt/agent/temp/buildTmp/credHelper9635009123321159517.sh fetch --progress --depth=1 --recurse-submodules=no origin +3af66a3c7786a0e788219f43ac7f8a4194ad03e3:refs/remotes/origin/main] remote: Compressing objects:  25% (2/8)        
[09:05:46]i:				 [/usr/local/bin/git -c core.askpass=/mnt/agent/temp/buildTmp/pass17461343959732723867 -c credential.helper= -c credential.helper=/mnt/agent/temp/buildTmp/credHelper9635009123321159517.sh fetch --progress --depth=1 --recurse-submodules=no origin +3af66a3c7786a0e788219f43ac7f8a4194ad03e3:refs/remotes/origin/main] remote: Compressing objects:  37% (3/8)        
[09:05:46]i:				 [/usr/local/bin/git -c core.askpass=/mnt/agent/temp/buildTmp/pass17461343959732723867 -c credential.helper= -c credential.helper=/mnt/agent/temp/buildTmp/credHelper9635009123321159517.sh fetch --progress --depth=1 --recurse-submodules=no origin +3af66a3c7786a0e788219f43ac7f8a4194ad03e3:refs/remotes/origin/main] remote: Compressing objects:  50% (4/8)        
[09:05:46]i:				 [/usr/local/bin/git -c core.askpass=/mnt/agent/temp/buildTmp/pass17461343959732723867 -c credential.helper= -c credential.helper=/mnt/agent/temp/buildTmp/credHelper9635009123321159517.sh fetch --progress --depth=1 --recurse-submodules=no origin +3af66a3c7786a0e788219f43ac7f8a4194ad03e3:refs/remotes/origin/main] remote: Compressing objects:  62% (5/8)        
[09:05:46]i:				 [/usr/local/bin/git -c core.askpass=/mnt/agent/temp/buildTmp/pass17461343959732723867 -c credential.helper= -c credential.helper=/mnt/agent/temp/buildTmp/credHelper9635009123321159517.sh fetch --progress --depth=1 --recurse-submodules=no origin +3af66a3c7786a0e788219f43ac7f8a4194ad03e3:refs/remotes/origin/main] remote: Compressing objects:  75% (6/8)        
[09:05:46]i:				 [/usr/local/bin/git -c core.askpass=/mnt/agent/temp/buildTmp/pass17461343959732723867 -c credential.helper= -c credential.helper=/mnt/agent/temp/buildTmp/credHelper9635009123321159517.sh fetch --progress --depth=1 --recurse-submodules=no origin +3af66a3c7786a0e788219f43ac7f8a4194ad03e3:refs/remotes/origin/main] remote: Compressing objects:  87% (7/8)        
[09:05:46]i:				 [/usr/local/bin/git -c core.askpass=/mnt/agent/temp/buildTmp/pass17461343959732723867 -c credential.helper= -c credential.helper=/mnt/agent/temp/buildTmp/credHelper9635009123321159517.sh fetch --progress --depth=1 --recurse-submodules=no origin +3af66a3c7786a0e788219f43ac7f8a4194ad03e3:refs/remotes/origin/main] remote: Compressing objects: 100% (8/8)        
[09:05:46]i:				 [/usr/local/bin/git -c core.askpass=/mnt/agent/temp/buildTmp/pass17461343959732723867 -c credential.helper= -c credential.helper=/mnt/agent/temp/buildTmp/credHelper9635009123321159517.sh fetch --progress --depth=1 --recurse-submodules=no origin +3af66a3c7786a0e788219f43ac7f8a4194ad03e3:refs/remotes/origin/main] remote: Compressing objects: 100% (8/8), done.        
[09:05:46]i:				 [/usr/local/bin/git -c core.askpass=/mnt/agent/temp/buildTmp/pass17461343959732723867 -c credential.helper= -c credential.helper=/mnt/agent/temp/buildTmp/credHelper9635009123321159517.sh fetch --progress --depth=1 --recurse-submodules=no origin +3af66a3c7786a0e788219f43ac7f8a4194ad03e3:refs/remotes/origin/main] remote: Total 12 (delta 0), reused 10 (delta 0), pack-reused 0 (from 0)        
[09:05:46]i:				 [/usr/local/bin/git -c core.askpass=/mnt/agent/temp/buildTmp/pass17461343959732723867 -c credential.helper= -c credential.helper=/mnt/agent/temp/buildTmp/credHelper9635009123321159517.sh fetch --progress --depth=1 --recurse-submodules=no origin +3af66a3c7786a0e788219f43ac7f8a4194ad03e3:refs/remotes/origin/main] From https://github.com/Damaso-DD/teamcity-python
[09:05:46]i:				 [/usr/local/bin/git -c core.askpass=/mnt/agent/temp/buildTmp/pass17461343959732723867 -c credential.helper= -c credential.helper=/mnt/agent/temp/buildTmp/credHelper9635009123321159517.sh fetch --progress --depth=1 --recurse-submodules=no origin +3af66a3c7786a0e788219f43ac7f8a4194ad03e3:refs/remotes/origin/main]  * [new ref]         3af66a3c7786a0e788219f43ac7f8a4194ad03e3 -> origin/main
[09:05:46] :			 [Update checkout directory (/mnt/agent/work/e82fbf5d5a572ae7)] /usr/local/bin/git log -n1 --pretty=format:%H%x20%s 3af66a3c7786a0e788219f43ac7f8a4194ad03e3 --
[09:05:46] :			 [Update checkout directory (/mnt/agent/work/e82fbf5d5a572ae7)] /usr/local/bin/git branch
[09:05:46] :			 [Update checkout directory (/mnt/agent/work/e82fbf5d5a572ae7)] /usr/local/bin/git branch --create-reflog --track main refs/remotes/origin/main
[09:05:46] :			 [Update checkout directory (/mnt/agent/work/e82fbf5d5a572ae7)] /usr/local/bin/git update-ref refs/heads/main 3af66a3c7786a0e788219f43ac7f8a4194ad03e3
[09:05:46] :			 [Update checkout directory (/mnt/agent/work/e82fbf5d5a572ae7)] /usr/local/bin/git -c core.askpass=/mnt/agent/temp/buildTmp/pass10156409904551598423 -c credential.helper= -c credential.helper=/mnt/agent/temp/buildTmp/credHelper10343870066178337071.sh checkout -q -f main
[09:05:47] :			 [Update checkout directory (/mnt/agent/work/e82fbf5d5a572ae7)] Cleaning https://github.com/Damaso-DD/teamcity-python#refs/heads/main in /mnt/agent/work/e82fbf5d5a572ae7 the file set ALL_UNTRACKED
[09:05:47] :			 [Update checkout directory (/mnt/agent/work/e82fbf5d5a572ae7)] /usr/local/bin/git clean -f -d -x
[09:05:47] : Build preparation done
[09:05:47] : Step 1/2: Python (14s)
[09:05:47]i:	 [Step 1/2] Using Python executable detected
[09:05:47] :	 [Step 1/2] Starting: sh /mnt/agent/temp/buildTmp/script_1758287147301_27bac764-78db-4c86-81b1-c52193dddd59}16063760216347087160.sh
[09:05:47] :	 [Step 1/2] in directory: /mnt/agent/work/e82fbf5d5a572ae7
[09:05:47] :	 [Step 1/2] Create Venv environment (6s)
[09:05:47]i:		 [Create Venv environment] Process started
[09:05:47]i:		 [Create Venv environment] # Generated script file
[09:05:47]i:		 [Create Venv environment] cat "/mnt/agent/temp/buildTmp/script_1758287147301_27bac764-78db-4c86-81b1-c52193dddd59}16063760216347087160.sh"
[09:05:47]i:		 [Create Venv environment] # TeamCity Message: Python command
[09:05:47] :		 [Create Venv environment] /usr/bin/python3 -m venv .venv
[09:05:53] :		 [Create Venv environment] Process successfully exited with code 0
[09:05:53] :	 [Step 1/2] Process exited with code 0
[09:05:53] :	 [Step 1/2] Starting: sh /mnt/agent/temp/buildTmp/script_1758287147367_1eb144d9-5e2f-40a4-a4c2-19fc94f4f7b1}12494578398330624601.sh
[09:05:53] :	 [Step 1/2] in directory: /mnt/agent/work/e82fbf5d5a572ae7
[09:05:53] :	 [Step 1/2] Install dependencies in Venv (5s)
[09:05:53]i:		 [Install dependencies in Venv] Process started
[09:05:53]i:		 [Install dependencies in Venv] # Generated script file
[09:05:53]i:		 [Install dependencies in Venv] cat "/mnt/agent/temp/buildTmp/script_1758287147367_1eb144d9-5e2f-40a4-a4c2-19fc94f4f7b1}12494578398330624601.sh"
[09:05:53]i:		 [Install dependencies in Venv] . "./.venv/bin/activate"
[09:05:53]i:		 [Install dependencies in Venv] # TeamCity Message: Python command
[09:05:53] :		 [Install dependencies in Venv] python -m pip install -r "requirements.txt"
[09:05:55] :		 [Install dependencies in Venv] Collecting pytest==6.1.2 (from -r requirements.txt (line 1))
[09:05:55] :		 [Install dependencies in Venv]   Downloading pytest-6.1.2-py3-none-any.whl.metadata (7.3 kB)
[09:05:55] :		 [Install dependencies in Venv] Collecting pylint==3.0.0 (from -r requirements.txt (line 2))
[09:05:55] :		 [Install dependencies in Venv]   Downloading pylint-3.0.0-py3-none-any.whl.metadata (12 kB)
[09:05:55] :		 [Install dependencies in Venv] Collecting attrs>=17.4.0 (from pytest==6.1.2->-r requirements.txt (line 1))
[09:05:55] :		 [Install dependencies in Venv]   Downloading attrs-25.3.0-py3-none-any.whl.metadata (10 kB)
[09:05:55] :		 [Install dependencies in Venv] Collecting iniconfig (from pytest==6.1.2->-r requirements.txt (line 1))
[09:05:55] :		 [Install dependencies in Venv]   Downloading iniconfig-2.1.0-py3-none-any.whl.metadata (2.7 kB)
[09:05:55] :		 [Install dependencies in Venv] Collecting packaging (from pytest==6.1.2->-r requirements.txt (line 1))
[09:05:55] :		 [Install dependencies in Venv]   Downloading packaging-25.0-py3-none-any.whl.metadata (3.3 kB)
[09:05:55] :		 [Install dependencies in Venv] Collecting pluggy<1.0,>=0.12 (from pytest==6.1.2->-r requirements.txt (line 1))
[09:05:55] :		 [Install dependencies in Venv]   Downloading pluggy-0.13.1-py2.py3-none-any.whl.metadata (15 kB)
[09:05:55] :		 [Install dependencies in Venv] Collecting py>=1.8.2 (from pytest==6.1.2->-r requirements.txt (line 1))
[09:05:55] :		 [Install dependencies in Venv]   Downloading py-1.11.0-py2.py3-none-any.whl.metadata (2.8 kB)
[09:05:55] :		 [Install dependencies in Venv] Collecting toml (from pytest==6.1.2->-r requirements.txt (line 1))
[09:05:55] :		 [Install dependencies in Venv]   Downloading toml-0.10.2-py2.py3-none-any.whl.metadata (7.1 kB)
[09:05:55] :		 [Install dependencies in Venv] Collecting platformdirs>=2.2.0 (from pylint==3.0.0->-r requirements.txt (line 2))
[09:05:55] :		 [Install dependencies in Venv]   Downloading platformdirs-4.4.0-py3-none-any.whl.metadata (12 kB)
[09:05:55] :		 [Install dependencies in Venv] Collecting astroid<=3.1.0-dev0,>=3.0.0 (from pylint==3.0.0->-r requirements.txt (line 2))
[09:05:55] :		 [Install dependencies in Venv]   Downloading astroid-3.0.3-py3-none-any.whl.metadata (4.5 kB)
[09:05:56] :		 [Install dependencies in Venv] Collecting isort<6,>=4.2.5 (from pylint==3.0.0->-r requirements.txt (line 2))
[09:05:56] :		 [Install dependencies in Venv]   Downloading isort-5.13.2-py3-none-any.whl.metadata (12 kB)
[09:05:56] :		 [Install dependencies in Venv] Collecting mccabe<0.8,>=0.6 (from pylint==3.0.0->-r requirements.txt (line 2))
[09:05:56] :		 [Install dependencies in Venv]   Downloading mccabe-0.7.0-py2.py3-none-any.whl.metadata (5.0 kB)
[09:05:56] :		 [Install dependencies in Venv] Collecting tomlkit>=0.10.1 (from pylint==3.0.0->-r requirements.txt (line 2))
[09:05:56] :		 [Install dependencies in Venv]   Using cached tomlkit-0.13.3-py3-none-any.whl.metadata (2.8 kB)
[09:05:56] :		 [Install dependencies in Venv] Collecting dill>=0.3.6 (from pylint==3.0.0->-r requirements.txt (line 2))
[09:05:56] :		 [Install dependencies in Venv]   Downloading dill-0.4.0-py3-none-any.whl.metadata (10 kB)
[09:05:56] :		 [Install dependencies in Venv] Downloading pytest-6.1.2-py3-none-any.whl (272 kB)
[09:05:56] :		 [Install dependencies in Venv]    ━━━━━━━━━━━━━━━━━━━━━━━━━━━━━━━━━━━━━━━━ 272.4/272.4 kB 15.5 MB/s eta 0:00:00
[09:05:56] :		 [Install dependencies in Venv] Downloading pylint-3.0.0-py3-none-any.whl (510 kB)
[09:05:56] :		 [Install dependencies in Venv]    ━━━━━━━━━━━━━━━━━━━━━━━━━━━━━━━━━━━━━━━━ 510.1/510.1 kB 15.2 MB/s eta 0:00:00
[09:05:56] :		 [Install dependencies in Venv] Downloading astroid-3.0.3-py3-none-any.whl (275 kB)
[09:05:56] :		 [Install dependencies in Venv]    ━━━━━━━━━━━━━━━━━━━━━━━━━━━━━━━━━━━━━━━━ 275.2/275.2 kB 22.8 MB/s eta 0:00:00
[09:05:56] :		 [Install dependencies in Venv] Downloading attrs-25.3.0-py3-none-any.whl (63 kB)
[09:05:56] :		 [Install dependencies in Venv]    ━━━━━━━━━━━━━━━━━━━━━━━━━━━━━━━━━━━━━━━━ 63.8/63.8 kB 6.0 MB/s eta 0:00:00
[09:05:56] :		 [Install dependencies in Venv] Downloading dill-0.4.0-py3-none-any.whl (119 kB)
[09:05:56] :		 [Install dependencies in Venv]    ━━━━━━━━━━━━━━━━━━━━━━━━━━━━━━━━━━━━━━━━ 119.7/119.7 kB 8.8 MB/s eta 0:00:00
[09:05:56] :		 [Install dependencies in Venv] Downloading isort-5.13.2-py3-none-any.whl (92 kB)
[09:05:56] :		 [Install dependencies in Venv]    ━━━━━━━━━━━━━━━━━━━━━━━━━━━━━━━━━━━━━━━━ 92.3/92.3 kB 7.8 MB/s eta 0:00:00
[09:05:56] :		 [Install dependencies in Venv] Downloading mccabe-0.7.0-py2.py3-none-any.whl (7.3 kB)
[09:05:56] :		 [Install dependencies in Venv] Downloading platformdirs-4.4.0-py3-none-any.whl (18 kB)
[09:05:56] :		 [Install dependencies in Venv] Downloading pluggy-0.13.1-py2.py3-none-any.whl (18 kB)
[09:05:56] :		 [Install dependencies in Venv] Downloading py-1.11.0-py2.py3-none-any.whl (98 kB)
[09:05:56] :		 [Install dependencies in Venv]    ━━━━━━━━━━━━━━━━━━━━━━━━━━━━━━━━━━━━━━━━ 98.7/98.7 kB 8.4 MB/s eta 0:00:00
[09:05:56] :		 [Install dependencies in Venv] Using cached tomlkit-0.13.3-py3-none-any.whl (38 kB)
[09:05:56] :		 [Install dependencies in Venv] Downloading iniconfig-2.1.0-py3-none-any.whl (6.0 kB)
[09:05:56] :		 [Install dependencies in Venv] Downloading packaging-25.0-py3-none-any.whl (66 kB)
[09:05:56] :		 [Install dependencies in Venv]    ━━━━━━━━━━━━━━━━━━━━━━━━━━━━━━━━━━━━━━━━ 66.5/66.5 kB 6.5 MB/s eta 0:00:00
[09:05:56] :		 [Install dependencies in Venv] Downloading toml-0.10.2-py2.py3-none-any.whl (16 kB)
[09:05:56] :		 [Install dependencies in Venv] Installing collected packages: tomlkit, toml, py, pluggy, platformdirs, packaging, mccabe, isort, iniconfig, dill, attrs, astroid, pytest, pylint
[09:05:58] :		 [Install dependencies in Venv] Successfully installed astroid-3.0.3 attrs-25.3.0 dill-0.4.0 iniconfig-2.1.0 isort-5.13.2 mccabe-0.7.0 packaging-25.0 platformdirs-4.4.0 pluggy-0.13.1 py-1.11.0 pylint-3.0.0 pytest-6.1.2 toml-0.10.2 tomlkit-0.13.3
[09:05:59] :		 [Install dependencies in Venv] Process successfully exited with code 0
[09:05:59] :	 [Step 1/2] Process exited with code 0
[09:05:59] :	 [Step 1/2] Starting: sh /mnt/agent/temp/buildTmp/script_1758287147370_76fac308-ed37-42d5-ae1b-20795235bc0f}2331033520778071835.sh
[09:05:59] :	 [Step 1/2] in directory: /mnt/agent/work/e82fbf5d5a572ae7
[09:05:59] :	 [Step 1/2] Install command tool package (1s)
[09:05:59]i:		 [Install command tool package] Process started
[09:05:59]i:		 [Install command tool package] # Generated script file
[09:05:59]i:		 [Install command tool package] cat "/mnt/agent/temp/buildTmp/script_1758287147370_76fac308-ed37-42d5-ae1b-20795235bc0f}2331033520778071835.sh"
[09:05:59]i:		 [Install command tool package] . "./.venv/bin/activate"
[09:05:59]i:		 [Install command tool package] # TeamCity Message: Python command
[09:05:59] :		 [Install command tool package] python -m pip install pylint
[09:06:00] :		 [Install command tool package] Requirement already satisfied: pylint in ./.venv/lib/python3.12/site-packages (3.0.0)
[09:06:00] :		 [Install command tool package] Requirement already satisfied: platformdirs>=2.2.0 in ./.venv/lib/python3.12/site-packages (from pylint) (4.4.0)
[09:06:00] :		 [Install command tool package] Requirement already satisfied: astroid<=3.1.0-dev0,>=3.0.0 in ./.venv/lib/python3.12/site-packages (from pylint) (3.0.3)
[09:06:00] :		 [Install command tool package] Requirement already satisfied: isort<6,>=4.2.5 in ./.venv/lib/python3.12/site-packages (from pylint) (5.13.2)
[09:06:00] :		 [Install command tool package] Requirement already satisfied: mccabe<0.8,>=0.6 in ./.venv/lib/python3.12/site-packages (from pylint) (0.7.0)
[09:06:00] :		 [Install command tool package] Requirement already satisfied: tomlkit>=0.10.1 in ./.venv/lib/python3.12/site-packages (from pylint) (0.13.3)
[09:06:00] :		 [Install command tool package] Requirement already satisfied: dill>=0.3.6 in ./.venv/lib/python3.12/site-packages (from pylint) (0.4.0)
[09:06:00] :		 [Install command tool package] Process successfully exited with code 0
[09:06:00] :	 [Step 1/2] Process exited with code 0
[09:06:00] :	 [Step 1/2] Starting: sh /mnt/agent/temp/buildTmp/script_1758287147380_73d90c31-5ce3-42da-814e-7e2be9f1d83b}17325940447001897420.sh
[09:06:00] :	 [Step 1/2] in directory: /mnt/agent/work/e82fbf5d5a572ae7
[09:06:00] :	 [Step 1/2] Python run in Venv
[09:06:00]i:		 [Python run in Venv] Process started
[09:06:00]i:		 [Python run in Venv] # Generated script file
[09:06:00]i:		 [Python run in Venv] cat "/mnt/agent/temp/buildTmp/script_1758287147380_73d90c31-5ce3-42da-814e-7e2be9f1d83b}17325940447001897420.sh"
[09:06:00]i:		 [Python run in Venv] . "./.venv/bin/activate"
[09:06:00]i:		 [Python run in Venv] # TeamCity Message: Python command
[09:06:00] :		 [Python run in Venv] python -m pylint --exit-zero --output-format=json > /mnt/agent/temp/buildTmp/pylint_output.txt src/anewtodolist
[09:06:01] :		 [Python run in Venv] Process successfully exited with code 0
[09:06:01] :	 [Step 1/2] Process exited with code 0
[09:06:01]E: Step 2/2: Python (7s)
[09:06:01]i:	 [Step 2/2] Using Python executable detected
[09:06:01] :	 [Step 2/2] Starting: sh /mnt/agent/temp/buildTmp/script_1758287161369_d851cfed-7d22-4a03-9214-3160780f9f82}10397290761473182218.sh
[09:06:01] :	 [Step 2/2] in directory: /mnt/agent/work/e82fbf5d5a572ae7
[09:06:01] :	 [Step 2/2] Create Venv environment (2s)
[09:06:01]i:		 [Create Venv environment] Process started
[09:06:01]i:		 [Create Venv environment] # Generated script file
[09:06:01]i:		 [Create Venv environment] cat "/mnt/agent/temp/buildTmp/script_1758287161369_d851cfed-7d22-4a03-9214-3160780f9f82}10397290761473182218.sh"
[09:06:01]i:		 [Create Venv environment] # TeamCity Message: Python command
[09:06:01] :		 [Create Venv environment] /usr/bin/python3 -m venv .venv
[09:06:04] :		 [Create Venv environment] Process successfully exited with code 0
[09:06:04] :	 [Step 2/2] Process exited with code 0
[09:06:04] :	 [Step 2/2] Starting: sh /mnt/agent/temp/buildTmp/script_1758287161370_2f5104f1-38ff-4169-9751-e524075cae41}5595490061339679098.sh
[09:06:04] :	 [Step 2/2] in directory: /mnt/agent/work/e82fbf5d5a572ae7
[09:06:04] :	 [Step 2/2] Install dependencies in Venv (1s)
[09:06:04]i:		 [Install dependencies in Venv] Process started
[09:06:04]i:		 [Install dependencies in Venv] # Generated script file
[09:06:04]i:		 [Install dependencies in Venv] cat "/mnt/agent/temp/buildTmp/script_1758287161370_2f5104f1-38ff-4169-9751-e524075cae41}5595490061339679098.sh"
[09:06:04]i:		 [Install dependencies in Venv] . "./.venv/bin/activate"
[09:06:04]i:		 [Install dependencies in Venv] # TeamCity Message: Python command
[09:06:04] :		 [Install dependencies in Venv] python -m pip install -r "requirements.txt"
[09:06:05] :		 [Install dependencies in Venv] Requirement already satisfied: pytest==6.1.2 in ./.venv/lib/python3.12/site-packages (from -r requirements.txt (line 1)) (6.1.2)
[09:06:05] :		 [Install dependencies in Venv] Requirement already satisfied: pylint==3.0.0 in ./.venv/lib/python3.12/site-packages (from -r requirements.txt (line 2)) (3.0.0)
[09:06:05] :		 [Install dependencies in Venv] Requirement already satisfied: attrs>=17.4.0 in ./.venv/lib/python3.12/site-packages (from pytest==6.1.2->-r requirements.txt (line 1)) (25.3.0)
[09:06:05] :		 [Install dependencies in Venv] Requirement already satisfied: iniconfig in ./.venv/lib/python3.12/site-packages (from pytest==6.1.2->-r requirements.txt (line 1)) (2.1.0)
[09:06:05] :		 [Install dependencies in Venv] Requirement already satisfied: packaging in ./.venv/lib/python3.12/site-packages (from pytest==6.1.2->-r requirements.txt (line 1)) (25.0)
[09:06:05] :		 [Install dependencies in Venv] Requirement already satisfied: pluggy<1.0,>=0.12 in ./.venv/lib/python3.12/site-packages (from pytest==6.1.2->-r requirements.txt (line 1)) (0.13.1)
[09:06:05] :		 [Install dependencies in Venv] Requirement already satisfied: py>=1.8.2 in ./.venv/lib/python3.12/site-packages (from pytest==6.1.2->-r requirements.txt (line 1)) (1.11.0)
[09:06:05] :		 [Install dependencies in Venv] Requirement already satisfied: toml in ./.venv/lib/python3.12/site-packages (from pytest==6.1.2->-r requirements.txt (line 1)) (0.10.2)
[09:06:05] :		 [Install dependencies in Venv] Requirement already satisfied: platformdirs>=2.2.0 in ./.venv/lib/python3.12/site-packages (from pylint==3.0.0->-r requirements.txt (line 2)) (4.4.0)
[09:06:05] :		 [Install dependencies in Venv] Requirement already satisfied: astroid<=3.1.0-dev0,>=3.0.0 in ./.venv/lib/python3.12/site-packages (from pylint==3.0.0->-r requirements.txt (line 2)) (3.0.3)
[09:06:05] :		 [Install dependencies in Venv] Requirement already satisfied: isort<6,>=4.2.5 in ./.venv/lib/python3.12/site-packages (from pylint==3.0.0->-r requirements.txt (line 2)) (5.13.2)
[09:06:05] :		 [Install dependencies in Venv] Requirement already satisfied: mccabe<0.8,>=0.6 in ./.venv/lib/python3.12/site-packages (from pylint==3.0.0->-r requirements.txt (line 2)) (0.7.0)
[09:06:05] :		 [Install dependencies in Venv] Requirement already satisfied: tomlkit>=0.10.1 in ./.venv/lib/python3.12/site-packages (from pylint==3.0.0->-r requirements.txt (line 2)) (0.13.3)
[09:06:05] :		 [Install dependencies in Venv] Requirement already satisfied: dill>=0.3.6 in ./.venv/lib/python3.12/site-packages (from pylint==3.0.0->-r requirements.txt (line 2)) (0.4.0)
[09:06:05] :		 [Install dependencies in Venv] Process successfully exited with code 0
[09:06:05] :	 [Step 2/2] Process exited with code 0
[09:06:05] :	 [Step 2/2] Starting: sh /mnt/agent/temp/buildTmp/script_1758287161371_72cfe6a5-4f7b-4b15-b35a-f4d4a2f959b2}10859305201155162811.sh
[09:06:05] :	 [Step 2/2] in directory: /mnt/agent/work/e82fbf5d5a572ae7
[09:06:05] :	 [Step 2/2] Install teamcity-messages for test reporting (1s)
[09:06:05]i:		 [Install teamcity-messages for test reporting] Process started
[09:06:05]i:		 [Install teamcity-messages for test reporting] # Generated script file
[09:06:05]i:		 [Install teamcity-messages for test reporting] cat "/mnt/agent/temp/buildTmp/script_1758287161371_72cfe6a5-4f7b-4b15-b35a-f4d4a2f959b2}10859305201155162811.sh"
[09:06:05]i:		 [Install teamcity-messages for test reporting] . "./.venv/bin/activate"
[09:06:05]i:		 [Install teamcity-messages for test reporting] # TeamCity Message: Python command
[09:06:05] :		 [Install teamcity-messages for test reporting] python -m pip install teamcity-messages
[09:06:06] :		 [Install teamcity-messages for test reporting] Collecting teamcity-messages
[09:06:06] :		 [Install teamcity-messages for test reporting]   Downloading teamcity_messages-1.33-py3-none-any.whl.metadata (12 kB)
[09:06:06] :		 [Install teamcity-messages for test reporting] Downloading teamcity_messages-1.33-py3-none-any.whl (33 kB)
[09:06:06] :		 [Install teamcity-messages for test reporting] Installing collected packages: teamcity-messages
[09:06:06] :		 [Install teamcity-messages for test reporting] Successfully installed teamcity-messages-1.33
[09:06:07] :		 [Install teamcity-messages for test reporting] Process successfully exited with code 0
[09:06:07] :	 [Step 2/2] Process exited with code 0
[09:06:07] :	 [Step 2/2] Starting: sh /mnt/agent/temp/buildTmp/script_1758287161372_6b1e7062-8e3c-4b98-a26f-c464e9a6a81b}1731560090947568147.sh
[09:06:07] :	 [Step 2/2] in directory: /mnt/agent/work/e82fbf5d5a572ae7
[09:06:07] :	 [Step 2/2] Install command tool package (1s)
[09:06:07]i:		 [Install command tool package] Process started
[09:06:07]i:		 [Install command tool package] # Generated script file
[09:06:07]i:		 [Install command tool package] cat "/mnt/agent/temp/buildTmp/script_1758287161372_6b1e7062-8e3c-4b98-a26f-c464e9a6a81b}1731560090947568147.sh"
[09:06:07]i:		 [Install command tool package] . "./.venv/bin/activate"
[09:06:07]i:		 [Install command tool package] # TeamCity Message: Python command
[09:06:07] :		 [Install command tool package] python -m pip install pytest
[09:06:08] :		 [Install command tool package] Requirement already satisfied: pytest in ./.venv/lib/python3.12/site-packages (6.1.2)
[09:06:08] :		 [Install command tool package] Requirement already satisfied: attrs>=17.4.0 in ./.venv/lib/python3.12/site-packages (from pytest) (25.3.0)
[09:06:08] :		 [Install command tool package] Requirement already satisfied: iniconfig in ./.venv/lib/python3.12/site-packages (from pytest) (2.1.0)
[09:06:08] :		 [Install command tool package] Requirement already satisfied: packaging in ./.venv/lib/python3.12/site-packages (from pytest) (25.0)
[09:06:08] :		 [Install command tool package] Requirement already satisfied: pluggy<1.0,>=0.12 in ./.venv/lib/python3.12/site-packages (from pytest) (0.13.1)
[09:06:08] :		 [Install command tool package] Requirement already satisfied: py>=1.8.2 in ./.venv/lib/python3.12/site-packages (from pytest) (1.11.0)
[09:06:08] :		 [Install command tool package] Requirement already satisfied: toml in ./.venv/lib/python3.12/site-packages (from pytest) (0.10.2)
[09:06:08] :		 [Install command tool package] Process successfully exited with code 0
[09:06:08] :	 [Step 2/2] Process exited with code 0
[09:06:08] :	 [Step 2/2] Starting: sh /mnt/agent/temp/buildTmp/script_1758287161372_bbf834ce-0e48-4a72-9dcd-75995e5509fb}11481736824962650267.sh
[09:06:08] :	 [Step 2/2] in directory: /mnt/agent/work/e82fbf5d5a572ae7
[09:06:08]E:	 [Step 2/2] Python run in Venv
[09:06:08]i:		 [Python run in Venv] Process started
[09:06:08]i:		 [Python run in Venv] # Generated script file
[09:06:08]i:		 [Python run in Venv] cat "/mnt/agent/temp/buildTmp/script_1758287161372_bbf834ce-0e48-4a72-9dcd-75995e5509fb}11481736824962650267.sh"
[09:06:08]i:		 [Python run in Venv] . "./.venv/bin/activate"
[09:06:08]i:		 [Python run in Venv] # TeamCity Message: Python command
[09:06:08] :		 [Python run in Venv] python -m pytest tests/test_todolist.py
[09:06:08]W:		 [Python run in Venv] Traceback (most recent call last):
[09:06:08]W:		 [Python run in Venv]   File "<frozen runpy>", line 198, in _run_module_as_main
[09:06:08]W:		 [Python run in Venv]   File "<frozen runpy>", line 88, in _run_code
[09:06:08]W:		 [Python run in Venv]   File "/mnt/agent/work/e82fbf5d5a572ae7/.venv/lib/python3.12/site-packages/pytest/__main__.py", line 5, in <module>
[09:06:08]W:		 [Python run in Venv]     raise SystemExit(pytest.console_main())
[09:06:08]W:		 [Python run in Venv]                      ^^^^^^^^^^^^^^^^^^^^^
[09:06:08]W:		 [Python run in Venv]   File "/mnt/agent/work/e82fbf5d5a572ae7/.venv/lib/python3.12/site-packages/_pytest/config/__init__.py", line 187, in console_main
[09:06:08]W:		 [Python run in Venv]     code = main()
[09:06:08]W:		 [Python run in Venv]            ^^^^^^
[09:06:08]W:		 [Python run in Venv]   File "/mnt/agent/work/e82fbf5d5a572ae7/.venv/lib/python3.12/site-packages/_pytest/config/__init__.py", line 143, in main
[09:06:08]W:		 [Python run in Venv]     config = _prepareconfig(args, plugins)
[09:06:08]W:		 [Python run in Venv]              ^^^^^^^^^^^^^^^^^^^^^^^^^^^^^
[09:06:08]W:		 [Python run in Venv]   File "/mnt/agent/work/e82fbf5d5a572ae7/.venv/lib/python3.12/site-packages/_pytest/config/__init__.py", line 318, in _prepareconfig
[09:06:08]W:		 [Python run in Venv]     config = pluginmanager.hook.pytest_cmdline_parse(
[09:06:08]W:		 [Python run in Venv]              ^^^^^^^^^^^^^^^^^^^^^^^^^^^^^^^^^^^^^^^^
[09:06:08]W:		 [Python run in Venv]   File "/mnt/agent/work/e82fbf5d5a572ae7/.venv/lib/python3.12/site-packages/pluggy/hooks.py", line 286, in __call__
[09:06:08]W:		 [Python run in Venv]     return self._hookexec(self, self.get_hookimpls(), kwargs)
[09:06:08]W:		 [Python run in Venv]            ^^^^^^^^^^^^^^^^^^^^^^^^^^^^^^^^^^^^^^^^^^^^^^^^^^
[09:06:08]W:		 [Python run in Venv]   File "/mnt/agent/work/e82fbf5d5a572ae7/.venv/lib/python3.12/site-packages/pluggy/manager.py", line 93, in _hookexec
[09:06:08]W:		 [Python run in Venv]     return self._inner_hookexec(hook, methods, kwargs)
[09:06:08]W:		 [Python run in Venv]            ^^^^^^^^^^^^^^^^^^^^^^^^^^^^^^^^^^^^^^^^^^^
[09:06:08]W:		 [Python run in Venv]   File "/mnt/agent/work/e82fbf5d5a572ae7/.venv/lib/python3.12/site-packages/pluggy/manager.py", line 84, in <lambda>
[09:06:08]W:		 [Python run in Venv]     self._inner_hookexec = lambda hook, methods, kwargs: hook.multicall(
[09:06:08]W:		 [Python run in Venv]                                                          ^^^^^^^^^^^^^^^
[09:06:08]W:		 [Python run in Venv]   File "/mnt/agent/work/e82fbf5d5a572ae7/.venv/lib/python3.12/site-packages/pluggy/callers.py", line 203, in _multicall
[09:06:08]W:		 [Python run in Venv]     gen.send(outcome)
[09:06:08]W:		 [Python run in Venv]   File "/mnt/agent/work/e82fbf5d5a572ae7/.venv/lib/python3.12/site-packages/_pytest/helpconfig.py", line 100, in pytest_cmdline_parse
[09:06:08]W:		 [Python run in Venv]     config = outcome.get_result()  # type: Config
[09:06:08]W:		 [Python run in Venv]              ^^^^^^^^^^^^^^^^^^^^
[09:06:08]W:		 [Python run in Venv]   File "/mnt/agent/work/e82fbf5d5a572ae7/.venv/lib/python3.12/site-packages/pluggy/callers.py", line 80, in get_result
[09:06:08]W:		 [Python run in Venv]     raise ex[1].with_traceback(ex[2])
[09:06:08]W:		 [Python run in Venv]   File "/mnt/agent/work/e82fbf5d5a572ae7/.venv/lib/python3.12/site-packages/pluggy/callers.py", line 187, in _multicall
[09:06:08]W:		 [Python run in Venv]     res = hook_impl.function(*args)
[09:06:08]W:		 [Python run in Venv]           ^^^^^^^^^^^^^^^^^^^^^^^^^
[09:06:08]W:		 [Python run in Venv]   File "/mnt/agent/work/e82fbf5d5a572ae7/.venv/lib/python3.12/site-packages/_pytest/config/__init__.py", line 1003, in pytest_cmdline_parse
[09:06:08]W:		 [Python run in Venv]     self.parse(args)
[09:06:08]W:		 [Python run in Venv]   File "/mnt/agent/work/e82fbf5d5a572ae7/.venv/lib/python3.12/site-packages/_pytest/config/__init__.py", line 1280, in parse
[09:06:08]W:		 [Python run in Venv]     self._preparse(args, addopts=addopts)
[09:06:08]W:		 [Python run in Venv]   File "/mnt/agent/work/e82fbf5d5a572ae7/.venv/lib/python3.12/site-packages/_pytest/config/__init__.py", line 1172, in _preparse
[09:06:08]W:		 [Python run in Venv]     self.pluginmanager.load_setuptools_entrypoints("pytest11")
[09:06:08]W:		 [Python run in Venv]   File "/mnt/agent/work/e82fbf5d5a572ae7/.venv/lib/python3.12/site-packages/pluggy/manager.py", line 299, in load_setuptools_entrypoints
[09:06:08]W:		 [Python run in Venv]     plugin = ep.load()
[09:06:08]W:		 [Python run in Venv]              ^^^^^^^^^
[09:06:08]W:		 [Python run in Venv]   File "/usr/lib/python3.12/importlib/metadata/__init__.py", line 205, in load
[09:06:08]W:		 [Python run in Venv]     module = import_module(match.group('module'))
[09:06:08]W:		 [Python run in Venv]              ^^^^^^^^^^^^^^^^^^^^^^^^^^^^^^^^^^^^
[09:06:08]W:		 [Python run in Venv]   File "/usr/lib/python3.12/importlib/__init__.py", line 90, in import_module
[09:06:08]W:		 [Python run in Venv]     return _bootstrap._gcd_import(name[level:], package, level)
[09:06:08]W:		 [Python run in Venv]            ^^^^^^^^^^^^^^^^^^^^^^^^^^^^^^^^^^^^^^^^^^^^^^^^^^^^
[09:06:08]W:		 [Python run in Venv]   File "<frozen importlib._bootstrap>", line 1387, in _gcd_import
[09:06:08]W:		 [Python run in Venv]   File "<frozen importlib._bootstrap>", line 1360, in _find_and_load
[09:06:08]W:		 [Python run in Venv]   File "<frozen importlib._bootstrap>", line 1310, in _find_and_load_unlocked
[09:06:08]W:		 [Python run in Venv]   File "<frozen importlib._bootstrap>", line 488, in _call_with_frames_removed
[09:06:08]W:		 [Python run in Venv]   File "<frozen importlib._bootstrap>", line 1387, in _gcd_import
[09:06:08]W:		 [Python run in Venv]   File "<frozen importlib._bootstrap>", line 1360, in _find_and_load
[09:06:08]W:		 [Python run in Venv]   File "<frozen importlib._bootstrap>", line 1331, in _find_and_load_unlocked
[09:06:08]W:		 [Python run in Venv]   File "<frozen importlib._bootstrap>", line 935, in _load_unlocked
[09:06:08]W:		 [Python run in Venv]   File "/mnt/agent/work/e82fbf5d5a572ae7/.venv/lib/python3.12/site-packages/_pytest/assertion/rewrite.py", line 162, in exec_module
[09:06:08]W:		 [Python run in Venv]     source_stat, co = _rewrite_test(fn, self.config)
[09:06:08]W:		 [Python run in Venv]                       ^^^^^^^^^^^^^^^^^^^^^^^^^^^^^^
[09:06:08]W:		 [Python run in Venv]   File "/mnt/agent/work/e82fbf5d5a572ae7/.venv/lib/python3.12/site-packages/_pytest/assertion/rewrite.py", line 359, in _rewrite_test
[09:06:08]W:		 [Python run in Venv]     co = compile(tree, fn_, "exec", dont_inherit=True)
[09:06:08]W:		 [Python run in Venv]          ^^^^^^^^^^^^^^^^^^^^^^^^^^^^^^^^^^^^^^^^^^^^^
[09:06:08]W:		 [Python run in Venv] TypeError: required field "lineno" missing from alias
[09:06:08]E:		 [Python run in Venv] Process failed with code 1
[09:06:08]W:	 [Step 2/2] Process exited with code 1
[09:06:08]E:	 [Step 2/2] Python error: TypeError
[09:06:08]E:	 [Step 2/2] Step Python failed
[09:06:08]i: Stopping performance monitoring process
[09:06:10]i: Performance monitoring process stopped
[09:06:10]i: Publishing performance monitoring build stages data
[09:06:10] : Publishing artifacts
[09:06:10] :	 [Publishing artifacts] Collecting files to publish: [/home/teamcity/agent/system/perfmon/temp/4/perfmon.csv=>.teamcity/perfmon/, /mnt/agent/temp/agentTmp/build_stages.txt=>.teamcity/perfmon/]
[09:06:10] :	 [Publishing artifacts] Publishing 2 files using [WebPublisher]: /home/teamcity/agent/system/perfmon/temp/4/perfmon.csv, /mnt/agent/temp/agentTmp/build_stages.txt => .teamcity/perfmon
[09:06:10] :	 [Publishing artifacts] Publishing 2 files using [ArtifactsCachePublisherImpl]: /home/teamcity/agent/system/perfmon/temp/4/perfmon.csv, /mnt/agent/temp/agentTmp/build_stages.txt => .teamcity/perfmon
[09:06:10]i:	 [Publishing artifacts] Will publish 2 artifact(s) to TeamCity node with id ill-einstein-oydf1d-0-0
[09:06:10] : Publishing internal artifacts
[09:06:10] :	 [Publishing internal artifacts] Publishing 1 file using [WebPublisher]
[09:06:10] :	 [Publishing internal artifacts] Publishing 1 file using [ArtifactsCachePublisherImpl]
[09:06:10]i:	 [Publishing internal artifacts] Will publish 1 artifact(s) to TeamCity node with id ill-einstein-oydf1d-0-0
[09:06:10] : Publishing internal artifacts
[09:06:11] : Calculating inspections statistics comparing to the build with id 3...
[09:06:11] : Total: 3 (+3 -0) Errors: 0 (+0 -0)
[09:06:11] : Build finished
